<?xml version="1.0" encoding="UTF-8"?>
<!-- Generated by org.testng.reporters.JUnitXMLReporter -->
<testsuite ignored="4" hostname="LTIN258487" failures="0" tests="3" name="EdgeTest" time="207.602" errors="0" timestamp="2024-03-15T17:39:48 IST">
  <testcase classname="testCases.TC_01_AccountValidation" name="accountinfovalidation" time="10.391"/>
  <testcase classname="testCases.TC_02_TimezoneTest" name="timezonecheck" time="165.283"/>
  <testcase classname="testCases.TC_003_AlphabatesTest" name="alphabatescheck" time="31.189"/>
  <testcase classname="testBase.BaseClass" name="@AfterSuite tearDown" time="0.0">
    <ignored/>
  </testcase> <!-- @AfterSuite tearDown -->
  <testcase classname="testBase.BaseClass" name="@BeforeSuite setup" time="0.0">
    <ignored/>
  </testcase> <!-- @BeforeSuite setup -->
  <testcase classname="testBase.BaseClass" name="@AfterSuite tearDown" time="0.0">
    <ignored/>
  </testcase> <!-- @AfterSuite tearDown -->
  <testcase classname="testBase.BaseClass" name="@BeforeSuite setup" time="0.0">
    <ignored/>
  </testcase> <!-- @BeforeSuite setup -->
</testsuite> <!-- EdgeTest -->
