<?xml version="1.0" encoding="UTF-8"?>
<testng-results ignored="0" total="1" passed="1" failed="0" skipped="0">
  <reporter-output>
  </reporter-output>
  <suite started-at="2024-03-26T11:06:23 IST" name="Default suite" finished-at="2024-03-26T11:06:37 IST" duration-ms="14116">
    <groups>
    </groups>
    <test started-at="2024-03-26T11:06:23 IST" name="Default test" finished-at="2024-03-26T11:06:37 IST" duration-ms="14116">
      <class name="testCases.Amazon">
        <test-method signature="login()[pri:0, instance:testCases.Amazon@128d2484]" started-at="2024-03-26T11:06:23 IST" name="login" finished-at="2024-03-26T11:06:37 IST" duration-ms="13990" status="PASS">
          <reporter-output>
          </reporter-output>
        </test-method> <!-- login -->
      </class> <!-- testCases.Amazon -->
    </test> <!-- Default test -->
  </suite> <!-- Default suite -->
</testng-results>
